TN:
SF:/Users/xingbo828/workspace/bot/src/models/Acronym.js
FN:4,(anonymous_0)
FN:10,(anonymous_1)
FN:14,(anonymous_2)
FN:18,(anonymous_3)
FN:47,(anonymous_4)
FN:76,(anonymous_5)
FN:80,(anonymous_6)
FN:84,(anonymous_7)
FN:92,(anonymous_8)
FNF:9
FNH:9
FNDA:1,(anonymous_0)
FNDA:2,(anonymous_1)
FNDA:2,(anonymous_2)
FNDA:1,(anonymous_3)
FNDA:1,(anonymous_4)
FNDA:1,(anonymous_5)
FNDA:1,(anonymous_6)
FNDA:1,(anonymous_7)
FNDA:1,(anonymous_8)
DA:5,1
DA:6,1
DA:7,1
DA:11,2
DA:15,2
DA:19,1
DA:48,1
DA:77,1
DA:81,1
DA:85,1
DA:93,1
LF:11
LH:11
BRF:0
BRH:0
end_of_record
